 CALCULATION NO.   1
          PI-SCF-MOLECULAR-MECHANICS PROGRAM
           C5H12 iso-pentane ( Hf(exp):)                                              
                                                                                          
          ISEQ=    0
          INPUT FORMAT INDICATOR INFORM IS 0
               NA   NB   NC   ND   ZB   NG   NH   NI
                0    0    0    2 2.00    2    0   40
               NK   NL   NM IGEO   NE NEPS  IHB  NF 
                3    5    0   20   50    0    0    0
          COORDINATES (ANGSTROMS)
               I       ATOMIC    IMOL   IFIX     X         Y         Z
                        NR  SORT

              C  1      6     0     0     0    0.7556   -0.6843    0.2702
              C  2      6     0     0     0   -0.4865   -0.0220   -0.3429
              H  3      1    19     0     0    0.6611   -0.6835    1.3554
              H  4      1    19     0     0    0.7697   -1.7306   -0.0268
              C  5      6     0     0     0   -1.7408   -0.8374   -0.0202
              H  6      1    19     0     0   -2.6233   -0.4063   -0.4833
              H  7      1    19     0     0   -1.6516   -1.8606   -0.3729
              H  8      1    19     0     0   -1.9195   -0.8746    1.0517
              C  9      6     0     0     0   -0.6630    1.4303    0.1088
              H 10      1    19     0     0    0.1698    2.0571   -0.1893
              H 11      1    19     0     0   -1.5615    1.8636   -0.3201
              H 12      1    19     0     0   -0.7541    1.4947    1.1907
              C 13      6     0     0     0    2.0894   -0.0498   -0.1224
              H 14      1    19     0     0    2.2046   -0.0096   -1.2022
              H 15      1    19     0     0    2.1913    0.9609    0.2571
              H 16      1    19     0     0    2.9201   -0.6264    0.2723
              H 17      1    19     0     0   -0.3612   -0.0215   -1.4259


 TOTAL NUMBER OF ATOMS IS   17 (MAXIMUM  201)

  BOND  PI-BOND   STRAIN   HEAT OF  NUMBER  AVERAGE  AVERAGE  ENERGY
 ENERGY  ENERGY   ENERGY  FORMATION   OF     COORD.  GRADIENT   OF
  (EV)    (EV)     (EV)   (KJ/MOL)  CYCLES  CHANGES  (EV/A)   DEFORM.
                                      50   0.54E-08 0.11E-02     -0.7
                                      47   0.15E-06 0.49E-03     -0.7
                                       1   0.42E-05 0.44E-03     -0.7
   -65.77    0.00   -0.74    -155.3
 NEW COORDINATES AND CHARGES
     I    ISORT(I)    X         Y         Z       CHARGE   SIGMA-  PI-CHARGE
   C  1       0    0.7571   -0.6710    0.2857   -0.1403   -0.1403    0.0000
   C  2       0   -0.4753    0.0001   -0.3404   -0.1120   -0.1120    0.0000
   H  3      19    0.6679   -0.6193    1.3795    0.0691    0.0691    0.0000
   H  4      19    0.7506   -1.7262   -0.0208    0.0691    0.0691    0.0000
   C  5       0   -1.7244   -0.8313   -0.0246   -0.1734   -0.1734    0.0000
   H  6      19   -2.5984   -0.3743   -0.5094    0.0629    0.0629    0.0000
   H  7      19   -1.5863   -1.8553   -0.3988    0.0629    0.0629    0.0000
   H  8      19   -1.8765   -0.8535    1.0636    0.0629    0.0629    0.0000
   C  9       0   -0.7018    1.4464    0.1227   -0.1734   -0.1734    0.0000
   H 10      19    0.1326    2.0859   -0.1970    0.0629    0.0629    0.0000
   H 11      19   -1.6348    1.8209   -0.3209    0.0629    0.0629    0.0000
   H 12      19   -0.7838    1.4659    1.2184    0.0629    0.0629    0.0000
   C 13       0    2.1098   -0.0771   -0.1322   -0.1773   -0.1773    0.0000
   H 14      19    2.1778   -0.0646   -1.2290    0.0622    0.0622    0.0000
   H 15      19    2.2103    0.9464    0.2553    0.0622    0.0622    0.0000
   H 16      19    2.9168   -0.6996    0.2787    0.0622    0.0622    0.0000
   H 17      19   -0.3416    0.0066   -1.4308    0.0743    0.0743    0.0000
       BOND LENGTHS
  C  1 C  2   1.537   C  1 H  3   1.099   C  1 H  4   1.099   C  1 C 13   1.535
  C  2 C  5   1.533   C  2 C  9   1.535   C  2 H 17   1.099   C  5 H  6   1.099
  C  5 H  7   1.099   C  5 H  8   1.099   C  9 H 10   1.099   C  9 H 11   1.099
  C  9 H 12   1.099   C 13 H 14   1.099   C 13 H 15   1.099   C 13 H 16   1.099
 
       BOND ANGLES
  C  2- C  1- H  3 108.7      C  2- C  1- H  4 107.5      C  2- C  1- C 13 115.3
  H  3- C  1- H  4 108.8      H  3- C  1- C 13 108.9      H  4- C  1- C 13 107.5
  C  1- C  2- C  5 109.4      C  1- C  2- C  9 114.0      C  1- C  2- H 17 108.0
  C  5- C  2- C  9 109.2      C  5- C  2- H 17 107.9      C  9- C  2- H 17 108.2
  C  2- C  5- H  6 109.4      C  2- C  5- H  7 109.4      C  2- C  5- H  8 109.1
  H  6- C  5- H  7 109.7      H  6- C  5- H  8 109.6      H  7- C  5- H  8 109.6
  C  2- C  9- H 10 110.4      C  2- C  9- H 11 108.9      C  2- C  9- H 12 109.2
  H 10- C  9- H 11 109.2      H 10- C  9- H 12 109.7      H 11- C  9- H 12 109.5
  C  1- C 13- H 14 109.3      C  1- C 13- H 15 110.2      C  1- C 13- H 16 109.0
  H 14- C 13- H 15 109.6      H 14- C 13- H 16 109.5      H 15- C 13- H 16 109.2
 
       TORSION ANGLES
  H  3- C  1- C  2- C  5  -66.8      H  3- C  1- C  2- C  9   55.8
  H  3- C  1- C  2- H 17  176.0      H  4- C  1- C  2- C  5   50.8
  H  4- C  1- C  2- C  9  173.4      H  4- C  1- C  2- H 17  -66.4
  C 13- C  1- C  2- C  5  170.7      C 13- C  1- C  2- C  9  -66.8
  C 13- C  1- C  2- H 17   53.5      C  2- C  1- C 13- H 14  -53.9
  C  2- C  1- C 13- H 15   66.6      C  2- C  1- C 13- H 16 -173.6
  H  3- C  1- C 13- H 14 -176.3      H  3- C  1- C 13- H 15  -55.8
  H  3- C  1- C 13- H 16   64.0      H  4- C  1- C 13- H 14   66.0
  H  4- C  1- C 13- H 15 -173.5      H  4- C  1- C 13- H 16  -53.7
  C  1- C  2- C  5- H  6 -177.6      C  1- C  2- C  5- H  7  -57.4
  C  1- C  2- C  5- H  8   62.6      C  9- C  2- C  5- H  6   57.0
  C  9- C  2- C  5- H  7  177.2      C  9- C  2- C  5- H  8  -62.8
  H 17- C  2- C  5- H  6  -60.3      H 17- C  2- C  5- H  7   59.9
  H 17- C  2- C  5- H  8  179.9      C  1- C  2- C  9- H 10   63.8
  C  1- C  2- C  9- H 11 -176.3      C  1- C  2- C  9- H 12  -56.8
  C  5- C  2- C  9- H 10 -173.5      C  5- C  2- C  9- H 11  -53.6
  C  5- C  2- C  9- H 12   65.9      H 17- C  2- C  9- H 10  -56.4
  H 17- C  2- C  9- H 11   63.5      H 17- C  2- C  9- H 12 -177.0
 
       TORSION ANGLES TYPES DELTA AND TAU
  H  3- C  1- C  2- H  4 -117.6      H  3- C  1- C  2- C 13  122.5
  H  4- C  1- C  2- C 13 -119.9      C  5- C  1- C  2- C  9  122.6
  C  5- C  1- C  2- H 17 -117.2      C  9- C  1- C  2- H 17  120.2
  C  2- C  1- H  3- H  4  116.8      C  2- C  1- H  3- C 13 -126.3
  H  4- C  1- H  3- C 13  116.9      C  2- C  1- H  4- H  3 -117.5
  C  2- C  1- H  4- C 13  124.7      H  3- C  1- H  4- C 13 -117.8
  C  2- C  1- C 13- H  3  122.4      C  2- C  1- C 13- H  4 -119.9
  H  3- C  1- C 13- H  4  117.7      H 14- C  1- C 13- H 15  120.5
  H 14- C  1- C 13- H 16 -119.7      H 15- C  1- C 13- H 16  119.8
  C  1- C  2- C  5- C  9  125.4      C  1- C  2- C  5- H 17 -117.3
  H  6- C  2- C  5- H  7  120.2      H  6- C  2- C  5- H  8 -119.9
  H  7- C  2- C  5- H  8  119.9      C  9- C  2- C  5- H 17  117.3
  C  1- C  2- C  9- C  5 -122.7      C  1- C  2- C  9- H 17  120.2
  C  5- C  2- C  9- H 17 -117.1      H 10- C  2- C  9- H 11  119.9
  H 10- C  2- C  9- H 12 -120.6      H 11- C  2- C  9- H 12  119.5
  C  1- C  2- H 17- C  5  118.2      C  1- C  2- H 17- C  9 -123.8
  C  5- C  2- H 17- C  9  118.0      C  2- C  5- H  6- H  7  120.0
  C  2- C  5- H  6- H  8 -119.6      H  7- C  5- H  6- H  8  120.4
  C  2- C  5- H  7- H  6 -120.0      C  2- C  5- H  7- H  8  119.6
  H  6- C  5- H  7- H  8 -120.4      C  2- C  5- H  8- H  6  119.7
  C  2- C  5- H  8- H  7 -119.8      H  6- C  5- H  8- H  7  120.5
  C  2- C  9- H 10- H 11  119.7      C  2- C  9- H 10- H 12 -120.3
  H 11- C  9- H 10- H 12  119.9      C  2- C  9- H 11- H 10 -120.6
  C  2- C  9- H 11- H 12  119.3      H 10- C  9- H 11- H 12 -120.1
  C  2- C  9- H 12- H 10  121.1      C  2- C  9- H 12- H 11 -119.2
  H 10- C  9- H 12- H 11  119.8      C  1- C 13- H 14- H 15  120.8
  C  1- C 13- H 14- H 16 -119.4      H 15- C 13- H 14- H 16  119.8
  C  1- C 13- H 15- H 14 -120.3      C  1- C 13- H 15- H 16  119.7
  H 14- C 13- H 15- H 16 -120.0      C  1- C 13- H 16- H 14  119.6
  C  1- C 13- H 16- H 15 -120.4      H 14- C 13- H 16- H 15  120.0
 
  SPLIT TERMS OF STRAIN ENERGY (ES= -0.7437 EV) IN KJ/MOL:
   E(BONDS)  =     0.1
   E(ANGLES) =     3.8
   E(TWIST)  =     1.0
   E(BEND)   =     0.0
   E(COULOMB)=   -75.9
   E(VDW)    =    -0.7

          DIPOLE MOMENT    0.035 WITH COMPONENTS  -0.022  -0.024   0.013
 CALCULATION NO.   2
          PI-SCF-MOLECULAR-MECHANICS PROGRAM
           C5H12 neo-pentane( Hf(exp):)                                               
                                                                                          
          ISEQ=    0
          INPUT FORMAT INDICATOR INFORM IS 0
               NA   NB   NC   ND   ZB   NG   NH   NI
                0    0    0    2 2.00    2    0   40
               NK   NL   NM IGEO   NE NEPS  IHB  NF 
                3    5    0   20   50    0    0    0
          COORDINATES (ANGSTROMS)
               I       ATOMIC    IMOL   IFIX     X         Y         Z
                        NR  SORT

              C  1      6     0     0     0    0.1421    1.4337   -0.5299
              C  2      6     0     0     0   -0.0000   -0.0000    0.0000
              H  3      1    19     0     0   -0.6721    2.0635   -0.1815
              H  4      1    19     0     0    1.0740    1.8842   -0.1983
              H  5      1    19     0     0    0.1337    1.4532   -1.6166
              C  6      6     0     0     0    1.1674   -0.8538   -0.5145
              C  7      6     0     0     0   -1.3262   -0.5977   -0.4905
              H  8      1    19     0     0    1.0938   -1.8768   -0.1549
              H  9      1    19     0     0    1.1817   -0.8853   -1.6008
              H 10      1    19     0     0    2.1220   -0.4543   -0.1825
              H 11      1    19     0     0   -1.3673   -0.6235   -1.5762
              H 12      1    19     0     0   -1.4552   -1.6149   -0.1303
              H 13      1    19     0     0   -2.1732   -0.0131   -0.1411
              C 14      6     0     0     0    0.0166    0.0178    1.5349
              H 15      1    19     0     0   -0.8004    0.6161    1.9294
              H 16      1    19     0     0   -0.0825   -0.9858    1.9402
              H 17      1    19     0     0    0.9456    0.4367    1.9126


 TOTAL NUMBER OF ATOMS IS   17 (MAXIMUM  201)

  BOND  PI-BOND   STRAIN   HEAT OF  NUMBER  AVERAGE  AVERAGE  ENERGY
 ENERGY  ENERGY   ENERGY  FORMATION   OF     COORD.  GRADIENT   OF
  (EV)    (EV)     (EV)   (KJ/MOL)  CYCLES  CHANGES  (EV/A)   DEFORM.
                                      14   0.17E-05 0.12E-03     -0.7
                                       1   0.65E-06 0.68E-04     -0.7
   -66.06    0.00   -0.75    -182.7
 NEW COORDINATES AND CHARGES
     I    ISORT(I)    X         Y         Z       CHARGE   SIGMA-  PI-CHARGE
   C  1       0    0.1420    1.4321   -0.5293   -0.1696   -0.1696    0.0000
   C  2       0    0.0000    0.0000    0.0000   -0.0848   -0.0848    0.0000
   H  3      19   -0.6952    2.0401   -0.1591    0.0636    0.0636    0.0000
   H  4      19    1.0922    1.8565   -0.1763    0.0636    0.0636    0.0000
   H  5      19    0.1297    1.4154   -1.6280    0.0636    0.0636    0.0000
   C  6       0    1.1661   -0.8529   -0.5139   -0.1696   -0.1696    0.0000
   C  7       0   -1.3247   -0.5970   -0.4899   -0.1696   -0.1696    0.0000
   H  8      19    1.0609   -1.8781   -0.1327    0.0636    0.0636    0.0000
   H  9      19    1.1509   -0.8632   -1.6127    0.0636    0.0636    0.0000
   H 10      19    2.1134   -0.4221   -0.1610    0.0636    0.0636    0.0000
   H 11      19   -1.3329   -0.6081   -1.5887    0.0636    0.0636    0.0000
   H 12      19   -1.4229   -1.6230   -0.1087    0.0636    0.0636    0.0000
   H 13      19   -2.1578    0.0166   -0.1198    0.0636    0.0636    0.0000
   C 14       0    0.0166    0.0178    1.5332   -0.1696   -0.1696    0.0000
   H 15      19   -0.8202    0.6297    1.8977    0.0636    0.0636    0.0000
   H 16      19   -0.0853   -1.0099    1.9088    0.0636    0.0636    0.0000
   H 17      19    0.9671    0.4461    1.8805    0.0636    0.0636    0.0000
       BOND LENGTHS
  C  1 C  2   1.533   C  1 H  3   1.099   C  1 H  4   1.099   C  1 H  5   1.099
  C  2 C  6   1.533   C  2 C  7   1.533   C  2 C 14   1.533   C  6 H  8   1.099
  C  6 H  9   1.099   C  6 H 10   1.099   C  7 H 11   1.099   C  7 H 12   1.099
  C  7 H 13   1.099   C 14 H 15   1.099   C 14 H 16   1.099   C 14 H 17   1.099
 
       BOND ANGLES
  C  2- C  1- H  3 109.3      C  2- C  1- H  4 109.3      C  2- C  1- H  5 109.3
  H  3- C  1- H  4 109.7      H  3- C  1- H  5 109.7      H  4- C  1- H  5 109.7
  C  1- C  2- C  6 109.5      C  1- C  2- C  7 109.5      C  1- C  2- C 14 109.5
  C  6- C  2- C  7 109.5      C  6- C  2- C 14 109.5      C  7- C  2- C 14 109.5
  C  2- C  6- H  8 109.3      C  2- C  6- H  9 109.3      C  2- C  6- H 10 109.3
  H  8- C  6- H  9 109.7      H  8- C  6- H 10 109.7      H  9- C  6- H 10 109.7
  C  2- C  7- H 11 109.3      C  2- C  7- H 12 109.3      C  2- C  7- H 13 109.3
  H 11- C  7- H 12 109.7      H 11- C  7- H 13 109.7      H 12- C  7- H 13 109.7
  C  2- C 14- H 15 109.3      C  2- C 14- H 16 109.3      C  2- C 14- H 17 109.3
  H 15- C 14- H 16 109.7      H 15- C 14- H 17 109.7      H 16- C 14- H 17 109.7
 
       TORSION ANGLES
  H  3- C  1- C  2- C  6  180.0      H  3- C  1- C  2- C  7   60.0
  H  3- C  1- C  2- C 14  -60.0      H  4- C  1- C  2- C  6  -60.0
  H  4- C  1- C  2- C  7 -180.0      H  4- C  1- C  2- C 14   60.0
  H  5- C  1- C  2- C  6   60.0      H  5- C  1- C  2- C  7  -60.0
  H  5- C  1- C  2- C 14 -180.0      C  1- C  2- C  6- H  8 -180.0
  C  1- C  2- C  6- H  9  -60.0      C  1- C  2- C  6- H 10   60.0
  C  7- C  2- C  6- H  8  -60.0      C  7- C  2- C  6- H  9   60.0
  C  7- C  2- C  6- H 10  180.0      C 14- C  2- C  6- H  8   60.0
  C 14- C  2- C  6- H  9  180.0      C 14- C  2- C  6- H 10  -60.0
  C  1- C  2- C  7- H 11   60.0      C  1- C  2- C  7- H 12  180.0
  C  1- C  2- C  7- H 13  -60.0      C  6- C  2- C  7- H 11  -60.0
  C  6- C  2- C  7- H 12   60.0      C  6- C  2- C  7- H 13  180.0
  C 14- C  2- C  7- H 11  180.0      C 14- C  2- C  7- H 12  -60.0
  C 14- C  2- C  7- H 13   60.0      C  1- C  2- C 14- H 15   60.0
  C  1- C  2- C 14- H 16  180.0      C  1- C  2- C 14- H 17  -60.0
  C  6- C  2- C 14- H 15 -180.0      C  6- C  2- C 14- H 16  -60.0
  C  6- C  2- C 14- H 17   60.0      C  7- C  2- C 14- H 15  -60.0
  C  7- C  2- C 14- H 16   60.0      C  7- C  2- C 14- H 17  180.0
 
       TORSION ANGLES TYPES DELTA AND TAU
  H  3- C  1- C  2- H  4 -120.0      H  3- C  1- C  2- H  5  120.0
  H  4- C  1- C  2- H  5 -120.0      C  6- C  1- C  2- C  7 -120.0
  C  6- C  1- C  2- C 14  120.0      C  7- C  1- C  2- C 14 -120.0
  C  2- C  1- H  3- H  4  119.7      C  2- C  1- H  3- H  5 -119.7
  H  4- C  1- H  3- H  5  120.5      C  2- C  1- H  4- H  3 -119.7
  C  2- C  1- H  4- H  5  119.7      H  3- C  1- H  4- H  5 -120.5
  C  2- C  1- H  5- H  3  119.7      C  2- C  1- H  5- H  4 -119.7
  H  3- C  1- H  5- H  4  120.5      C  1- C  2- C  6- C  7 -120.0
  C  1- C  2- C  6- C 14  120.0      C  7- C  2- C  6- C 14 -120.0
  H  8- C  2- C  6- H  9  120.0      H  8- C  2- C  6- H 10 -120.0
  H  9- C  2- C  6- H 10  120.0      C  1- C  2- C  7- C  6  120.0
  C  1- C  2- C  7- C 14 -120.0      C  6- C  2- C  7- C 14  120.0
  H 11- C  2- C  7- H 12  120.0      H 11- C  2- C  7- H 13 -120.0
  H 12- C  2- C  7- H 13  120.0      C  1- C  2- C 14- C  6 -120.0
  C  1- C  2- C 14- C  7  120.0      C  6- C  2- C 14- C  7 -120.0
  H 15- C  2- C 14- H 16  120.0      H 15- C  2- C 14- H 17 -120.0
  H 16- C  2- C 14- H 17  120.0      C  2- C  6- H  8- H  9  119.7
  C  2- C  6- H  8- H 10 -119.7      H  9- C  6- H  8- H 10  120.5
  C  2- C  6- H  9- H  8 -119.7      C  2- C  6- H  9- H 10  119.7
  H  8- C  6- H  9- H 10 -120.5      C  2- C  6- H 10- H  8  119.7
  C  2- C  6- H 10- H  9 -119.7      H  8- C  6- H 10- H  9  120.5
  C  2- C  7- H 11- H 12  119.7      C  2- C  7- H 11- H 13 -119.7
  H 12- C  7- H 11- H 13  120.5      C  2- C  7- H 12- H 11 -119.7
  C  2- C  7- H 12- H 13  119.7      H 11- C  7- H 12- H 13 -120.5
  C  2- C  7- H 13- H 11  119.7      C  2- C  7- H 13- H 12 -119.7
  H 11- C  7- H 13- H 12  120.5      C  2- C 14- H 15- H 16  119.7
  C  2- C 14- H 15- H 17 -119.7      H 16- C 14- H 15- H 17  120.5
  C  2- C 14- H 16- H 15 -119.7      C  2- C 14- H 16- H 17  119.7
  H 15- C 14- H 16- H 17 -120.5      C  2- C 14- H 17- H 15  119.7
  C  2- C 14- H 17- H 16 -119.7      H 15- C 14- H 17- H 16  120.5
 
  SPLIT TERMS OF STRAIN ENERGY (ES= -0.7460 EV) IN KJ/MOL:
   E(BONDS)  =     0.0
   E(ANGLES) =     4.7
   E(TWIST)  =     0.0
   E(BEND)   =     0.0
   E(COULOMB)=   -73.4
   E(VDW)    =    -3.3

          DIPOLE MOMENT    0.000 WITH COMPONENTS  -0.000  -0.000  -0.000
 CALCULATION NO.   3
          PI-SCF-MOLECULAR-MECHANICS PROGRAM
                                                                                      
                                                                                          
          ISEQ=   -1
